c:\git\maindev\qemuproj\drivers\qemudriver\qemudriveru\x64\debug\vc143.pdb
c:\git\maindev\qemuproj\drivers\qemudriver\qemudriveru\x64\debug\main.obj
c:\git\maindev\qemuproj\drivers\qemudriver\x64\debug\qemudriveru\qemudriveru.cat
c:\git\maindev\qemuproj\drivers\qemudriver\x64\debug\qemudriveru.dll
c:\git\maindev\qemuproj\drivers\qemudriver\x64\debug\qemudriveru.pdb
c:\git\maindev\qemuproj\drivers\qemudriver\qemudriveru\x64\debug\qemudriveru.inf
c:\git\maindev\qemuproj\drivers\qemudriver\x64\debug\qemudriveru.cer
c:\git\maindev\qemuproj\drivers\qemudriver\x64\debug\qemudriveru.inf
c:\git\maindev\qemuproj\drivers\qemudriver\qemudriveru\x64\debug\qemudriveru.tlog\cl.command.1.tlog
c:\git\maindev\qemuproj\drivers\qemudriver\qemudriveru\x64\debug\qemudriveru.tlog\cl.items.tlog
c:\git\maindev\qemuproj\drivers\qemudriver\qemudriveru\x64\debug\qemudriveru.tlog\cl.read.1.tlog
c:\git\maindev\qemuproj\drivers\qemudriver\qemudriveru\x64\debug\qemudriveru.tlog\cl.write.1.tlog
c:\git\maindev\qemuproj\drivers\qemudriver\qemudriveru\x64\debug\qemudriveru.tlog\inf2cat-expand.18192.read.1.tlog
c:\git\maindev\qemuproj\drivers\qemudriver\qemudriveru\x64\debug\qemudriveru.tlog\inf2cat-expand.18192.write.1.tlog
c:\git\maindev\qemuproj\drivers\qemudriver\qemudriveru\x64\debug\qemudriveru.tlog\inf2cat-expand.24256.read.1.tlog
c:\git\maindev\qemuproj\drivers\qemudriver\qemudriveru\x64\debug\qemudriveru.tlog\inf2cat-expand.24256.write.1.tlog
c:\git\maindev\qemuproj\drivers\qemudriver\qemudriveru\x64\debug\qemudriveru.tlog\inf2cat-expand.8824.read.1.tlog
c:\git\maindev\qemuproj\drivers\qemudriver\qemudriveru\x64\debug\qemudriveru.tlog\inf2cat-expand.8824.write.1.tlog
c:\git\maindev\qemuproj\drivers\qemudriver\qemudriveru\x64\debug\qemudriveru.tlog\inf2cat-expand.read.1.tlog
c:\git\maindev\qemuproj\drivers\qemudriver\qemudriveru\x64\debug\qemudriveru.tlog\inf2cat-expand.write.1.tlog
c:\git\maindev\qemuproj\drivers\qemudriver\qemudriveru\x64\debug\qemudriveru.tlog\inf2cat.command.1.tlog
c:\git\maindev\qemuproj\drivers\qemudriver\qemudriveru\x64\debug\qemudriveru.tlog\inf2cat.read.1.tlog
c:\git\maindev\qemuproj\drivers\qemudriver\qemudriveru\x64\debug\qemudriveru.tlog\inf2cat.write.1.tlog
c:\git\maindev\qemuproj\drivers\qemudriver\qemudriveru\x64\debug\qemudriveru.tlog\link.command.1.tlog
c:\git\maindev\qemuproj\drivers\qemudriver\qemudriveru\x64\debug\qemudriveru.tlog\link.read.1.tlog
c:\git\maindev\qemuproj\drivers\qemudriver\qemudriveru\x64\debug\qemudriveru.tlog\link.secondary.1.tlog
c:\git\maindev\qemuproj\drivers\qemudriver\qemudriveru\x64\debug\qemudriveru.tlog\link.write.1.tlog
c:\git\maindev\qemuproj\drivers\qemudriver\qemudriveru\x64\debug\qemudriveru.tlog\signtool.command.1.tlog
c:\git\maindev\qemuproj\drivers\qemudriver\qemudriveru\x64\debug\qemudriveru.tlog\signtool.read.1.tlog
c:\git\maindev\qemuproj\drivers\qemudriver\qemudriveru\x64\debug\qemudriveru.tlog\signtool.timestamp.1.tlog
c:\git\maindev\qemuproj\drivers\qemudriver\qemudriveru\x64\debug\qemudriveru.tlog\signtool.write.1.tlog
c:\git\maindev\qemuproj\drivers\qemudriver\qemudriveru\x64\debug\qemudriveru.tlog\stampinf.command.1.tlog
c:\git\maindev\qemuproj\drivers\qemudriver\qemudriveru\x64\debug\qemudriveru.tlog\stampinf.read.1.tlog
c:\git\maindev\qemuproj\drivers\qemudriver\qemudriveru\x64\debug\qemudriveru.tlog\stampinf.write.1.tlog
