c:\git\maindev\qemuproj\drivers\qemudriver\qemudriverk\x64\debug\vc143.pdb
c:\git\maindev\qemuproj\drivers\qemudriver\qemudriverk\x64\debug\callbacks.obj
c:\git\maindev\qemuproj\drivers\qemudriver\qemudriverk\x64\debug\main.obj
c:\git\maindev\qemuproj\drivers\qemudriver\x64\debug\qemudriverk\qemudriverk.cat
c:\git\maindev\qemuproj\drivers\qemudriver\x64\debug\qemudriverk.sys
c:\git\maindev\qemuproj\drivers\qemudriver\x64\debug\qemudriverk.pdb
c:\git\maindev\qemuproj\drivers\qemudriver\qemudriverk\x64\debug\qemudriverk.inf
c:\git\maindev\qemuproj\drivers\qemudriver\x64\debug\qemudriverk.cer
c:\git\maindev\qemuproj\drivers\qemudriver\x64\debug\qemudriverk.inf
c:\git\maindev\qemuproj\drivers\qemudriver\qemudriverk\x64\debug\qemudriverk.tlog\cl.command.1.tlog
c:\git\maindev\qemuproj\drivers\qemudriver\qemudriverk\x64\debug\qemudriverk.tlog\cl.items.tlog
c:\git\maindev\qemuproj\drivers\qemudriver\qemudriverk\x64\debug\qemudriverk.tlog\cl.read.1.tlog
c:\git\maindev\qemuproj\drivers\qemudriver\qemudriverk\x64\debug\qemudriverk.tlog\cl.write.1.tlog
c:\git\maindev\qemuproj\drivers\qemudriver\qemudriverk\x64\debug\qemudriverk.tlog\inf2cat-expand.26004.read.1.tlog
c:\git\maindev\qemuproj\drivers\qemudriver\qemudriverk\x64\debug\qemudriverk.tlog\inf2cat-expand.26004.write.1.tlog
c:\git\maindev\qemuproj\drivers\qemudriver\qemudriverk\x64\debug\qemudriverk.tlog\inf2cat-expand.read.1.tlog
c:\git\maindev\qemuproj\drivers\qemudriver\qemudriverk\x64\debug\qemudriverk.tlog\inf2cat-expand.write.1.tlog
c:\git\maindev\qemuproj\drivers\qemudriver\qemudriverk\x64\debug\qemudriverk.tlog\inf2cat.command.1.tlog
c:\git\maindev\qemuproj\drivers\qemudriver\qemudriverk\x64\debug\qemudriverk.tlog\inf2cat.read.1.tlog
c:\git\maindev\qemuproj\drivers\qemudriver\qemudriverk\x64\debug\qemudriverk.tlog\inf2cat.write.1.tlog
c:\git\maindev\qemuproj\drivers\qemudriver\qemudriverk\x64\debug\qemudriverk.tlog\link.command.1.tlog
c:\git\maindev\qemuproj\drivers\qemudriver\qemudriverk\x64\debug\qemudriverk.tlog\link.read.1.tlog
c:\git\maindev\qemuproj\drivers\qemudriver\qemudriverk\x64\debug\qemudriverk.tlog\link.secondary.1.tlog
c:\git\maindev\qemuproj\drivers\qemudriver\qemudriverk\x64\debug\qemudriverk.tlog\link.write.1.tlog
c:\git\maindev\qemuproj\drivers\qemudriver\qemudriverk\x64\debug\qemudriverk.tlog\signtool.command.1.tlog
c:\git\maindev\qemuproj\drivers\qemudriver\qemudriverk\x64\debug\qemudriverk.tlog\signtool.read.1.tlog
c:\git\maindev\qemuproj\drivers\qemudriver\qemudriverk\x64\debug\qemudriverk.tlog\signtool.timestamp.1.tlog
c:\git\maindev\qemuproj\drivers\qemudriver\qemudriverk\x64\debug\qemudriverk.tlog\signtool.write.1.tlog
c:\git\maindev\qemuproj\drivers\qemudriver\qemudriverk\x64\debug\qemudriverk.tlog\stampinf.command.1.tlog
c:\git\maindev\qemuproj\drivers\qemudriver\qemudriverk\x64\debug\qemudriverk.tlog\stampinf.read.1.tlog
c:\git\maindev\qemuproj\drivers\qemudriver\qemudriverk\x64\debug\qemudriverk.tlog\stampinf.write.1.tlog
c:\git\maindev\qemuproj\drivers\qemudriver\qemudriverk\x64\debug\qemudriverk.tlog\tracewpp.command.1.tlog
c:\git\maindev\qemuproj\drivers\qemudriver\qemudriverk\x64\debug\qemudriverk.tlog\tracewpp.read.1.tlog
c:\git\maindev\qemuproj\drivers\qemudriver\qemudriverk\x64\debug\qemudriverk.tlog\tracewpp.write.1.tlog
